2020-06-14 12:06:44,017;INFO;FaceDetection: no extensions provided by user. Trying to add /opt/intel/openvino/deployment_tools/inference_engine/lib/intel64/libcpu_extension_sse4.so;
2020-06-14 12:06:44,017;INFO;FacialLandmarks: no extensions provided by user. Trying to add /opt/intel/openvino/deployment_tools/inference_engine/lib/intel64/libcpu_extension_sse4.so ;
2020-06-14 12:06:44,017;INFO;HeadPoseEstimation: no extensions provided by user. Trying to add /opt/intel/openvino/deployment_tools/inference_engine/lib/intel64/libcpu_extension_sse4.so;
2020-06-14 12:06:44,017;INFO;GazeEstimation: no extensions provided by user. Trying to add /opt/intel/openvino/deployment_tools/inference_engine/lib/intel64/libcpu_extension_sse4.so;
2020-06-14 12:06:44,038;INFO;FaceDetection: CPU extensions not added.;
2020-06-14 12:06:44,293;INFO;FacialLandmarks: CPU extensions not added.;
2020-06-14 12:06:44,368;INFO;HeadPoseEstimation: CPU extensions not added.;
2020-06-14 12:06:44,457;INFO;GazeEstimation: CPU extensions not added.;
2020-06-14 12:11:51,252;INFO;FaceDetection: no extensions provided by user. Trying to add /opt/intel/openvino/deployment_tools/inference_engine/lib/intel64/libcpu_extension_sse4.so;
2020-06-14 12:11:51,252;INFO;FacialLandmarks: no extensions provided by user. Trying to add /opt/intel/openvino/deployment_tools/inference_engine/lib/intel64/libcpu_extension_sse4.so ;
2020-06-14 12:11:51,252;INFO;HeadPoseEstimation: no extensions provided by user. Trying to add /opt/intel/openvino/deployment_tools/inference_engine/lib/intel64/libcpu_extension_sse4.so;
2020-06-14 12:11:51,253;INFO;GazeEstimation: no extensions provided by user. Trying to add /opt/intel/openvino/deployment_tools/inference_engine/lib/intel64/libcpu_extension_sse4.so;
2020-06-14 12:11:51,265;INFO;FaceDetection: CPU extensions not added.;
2020-06-14 12:11:51,459;INFO;FacialLandmarks: CPU extensions not added.;
2020-06-14 12:11:51,537;INFO;HeadPoseEstimation: CPU extensions not added.;
2020-06-14 12:11:51,675;INFO;GazeEstimation: CPU extensions not added.;
2020-06-14 12:17:58,075;INFO;FaceDetection: no extensions provided by user. Trying to add /opt/intel/openvino/deployment_tools/inference_engine/lib/intel64/libcpu_extension_sse4.so;
2020-06-14 12:17:58,075;INFO;FacialLandmarks: no extensions provided by user. Trying to add /opt/intel/openvino/deployment_tools/inference_engine/lib/intel64/libcpu_extension_sse4.so ;
2020-06-14 12:17:58,075;INFO;HeadPoseEstimation: no extensions provided by user. Trying to add /opt/intel/openvino/deployment_tools/inference_engine/lib/intel64/libcpu_extension_sse4.so;
2020-06-14 12:17:58,075;INFO;GazeEstimation: no extensions provided by user. Trying to add /opt/intel/openvino/deployment_tools/inference_engine/lib/intel64/libcpu_extension_sse4.so;
2020-06-14 12:17:58,087;INFO;FaceDetection: CPU extensions not added.;
2020-06-14 12:17:58,288;INFO;FacialLandmarks: CPU extensions not added.;
2020-06-14 12:17:58,365;INFO;HeadPoseEstimation: CPU extensions not added.;
2020-06-14 12:17:58,503;INFO;GazeEstimation: CPU extensions not added.;
